<?xml version="1.0" encoding="UTF-8"?>
<!-- Generated by org.testng.reporters.JUnitReportReporter -->
<testsuite hostname="Home-PC" failures="0" tests="1" name="tests.PriceTest" time="23.074" errors="0" timestamp="2022-08-29T18:06:18 IST" skipped="0">
  <testcase classname="tests.PriceTest" name="ProductDetails" time="23.074"/>
  <system-out/>
</testsuite> <!-- tests.PriceTest -->
