<?xml version="1.0" encoding="UTF-8"?>
<!-- Generated by org.testng.reporters.JUnitReportReporter -->
<testsuite hostname="Home-PC" failures="0" tests="1" name="tests.CheckoutTest" time="15.790" errors="0" timestamp="2022-08-29T18:06:18 IST" skipped="0">
  <testcase classname="tests.CheckoutTest" name="checkout" time="15.790"/>
  <system-out/>
</testsuite> <!-- tests.CheckoutTest -->
