<?xml version="1.0" encoding="UTF-8"?>
<!-- Generated by org.testng.reporters.JUnitReportReporter -->
<testsuite hostname="Home-PC" failures="0" tests="1" name="tests.CheckoutTest" time="26.123" errors="0" timestamp="2022-08-29T18:16:13 IST" skipped="0">
  <testcase classname="tests.CheckoutTest" name="checkout" time="26.123"/>
  <system-out/>
</testsuite> <!-- tests.CheckoutTest -->
