<?xml version="1.0" encoding="UTF-8"?>
<!-- Generated by org.testng.reporters.JUnitReportReporter -->
<testsuite hostname="Home-PC" failures="0" tests="1" name="tests.WishlistTest" time="30.479" errors="0" timestamp="2022-08-29T18:16:13 IST" skipped="0">
  <testcase classname="tests.WishlistTest" name="wishlist" time="30.479"/>
  <system-out/>
</testsuite> <!-- tests.WishlistTest -->
